22-11-08 11:07:55.1046377 pid:7084 tid:1 sqltools Critical: 0 : An unhandled exception occurred: Newtonsoft.Json.JsonReaderException: After parsing a value an unexpected character was encountered: . Path 'probes.TablesInformation[0].target.version', line 13797, position 8.
   at Newtonsoft.Json.JsonTextReader.ParsePostValue(Boolean ignoreComments)
   at Newtonsoft.Json.JsonTextReader.Read()
   at Newtonsoft.Json.Linq.JContainer.ReadContentFrom(JsonReader r, JsonLoadSettings settings)
   at Newtonsoft.Json.Linq.JContainer.ReadTokenFrom(JsonReader reader, JsonLoadSettings options)
   at Newtonsoft.Json.Linq.JObject.Load(JsonReader reader, JsonLoadSettings settings)
   at Newtonsoft.Json.Linq.JObject.Load(JsonReader reader)
   at Microsoft.SqlServer.Management.Assessment.Configuration.Json.ProbeConverter.ReadJson(JsonReader reader, Type objectType, IProbe existingValue, Boolean hasExistingValue, JsonSerializer serializer)
   at Microsoft.SqlServer.Management.Assessment.Configuration.Json.JsonConverter`1.ReadJson(JsonReader reader, Type objectType, Object existingValue, JsonSerializer serializer)
   at Newtonsoft.Json.Serialization.JsonSerializerInternalReader.DeserializeConvertable(JsonConverter converter, JsonReader reader, Type objectType, Object existingValue)
   at Newtonsoft.Json.Serialization.JsonSerializerInternalReader.PopulateList(IList list, JsonReader reader, JsonArrayContract contract, JsonProperty containerProperty, String id)
   at Newtonsoft.Json.Serialization.JsonSerializerInternalReader.Populate(JsonReader reader, Object target)
   at Newtonsoft.Json.Serialization.JsonSerializerProxy.PopulateInternal(JsonReader reader, Object target)
   at Microsoft.SqlServer.Management.Assessment.Configuration.Json.ProbeCollectionConverter.ReadJson(JsonReader reader, Type objectType, ProbeCollection existingValue, Boolean hasExistingValue, JsonSerializer serializer)
   at Microsoft.SqlServer.Management.Assessment.Configuration.Json.JsonConverter`1.ReadJson(JsonReader reader, Type objectType, Object existingValue, JsonSerializer serializer)
   at Newtonsoft.Json.Serialization.JsonSerializerInternalReader.DeserializeConvertable(JsonConverter converter, JsonReader reader, Type objectType, Object existingValue)
   at Newtonsoft.Json.Serialization.JsonSerializerInternalReader.ResolvePropertyAndCreatorValues(JsonObjectContract contract, JsonProperty containerProperty, JsonReader reader, Type objectType)
   at Newtonsoft.Json.Serialization.JsonSerializerInternalReader.CreateObjectUsingCreatorWithParameters(JsonReader reader, JsonObjectContract contract, JsonProperty containerProperty, ObjectConstructor`1 creator, String id)
   at Newtonsoft.Json.Serialization.JsonSerializerInternalReader.CreateNewObject(JsonReader reader, JsonObjectContract objectContract, JsonProperty containerMember, JsonProperty containerProperty, String id, Boolean& createdFromNonDefaultCreator)
   at Newtonsoft.Json.Serialization.JsonSerializerInternalReader.CreateObject(JsonReader reader, Type objectType, JsonContract contract, JsonProperty member, JsonContainerContract containerContract, JsonProperty containerMember, Object existingValue)
   at Newtonsoft.Json.Serialization.JsonSerializerInternalReader.CreateValueInternal(JsonReader reader, Type objectType, JsonContract contract, JsonProperty member, JsonContainerContract containerContract, JsonProperty containerMember, Object existingValue)
   at Newtonsoft.Json.Serialization.JsonSerializerInternalReader.Deserialize(JsonReader reader, Type objectType, Boolean checkAdditionalContent)
   at Newtonsoft.Json.JsonSerializer.DeserializeInternal(JsonReader reader, Type objectType)
   at Newtonsoft.Json.JsonSerializer.Deserialize(JsonReader reader, Type objectType)
   at Newtonsoft.Json.JsonSerializer.Deserialize[T](JsonReader reader)
   at Microsoft.SqlServer.Management.Assessment.Engine.LoadRuleFactoryJson(JsonTextReader reader)
   at Microsoft.SqlServer.Management.Assessment.Engine.LoadRuleFactoryJson(TextReader textReader)
   at Microsoft.SqlServer.Management.Assessment.Engine.Push